# Many of these names will have to be swapped later; e.g. we now have _dup()
# calling dup(), but will later want dup() to be the alias and _dup() to be
# the "real" symbol.

# file	actual name		aliased name		systems

access	access			_access 		d16 d32 nt nta ntp    o16 o32	      w16 w32
snprin	_bprintf		_snprintf		d16 d32 nt nta ntp nv o16 o32 q16 q32 w16 w32 osi
snwpri	_bwprintf		_snwprintf		d16 d32 nt nta ntp    o16 o32 q16 q32 w16 w32
close_	close			_close			d16 d32 nt nta ntp    o16 o32	      w16 w32
cwait_	cwait			_cwait				nt nta ntp    o16 o32
dup___	dup			_dup			d16 d32 nt nta ntp    o16 o32	      w16 w32 osi
fdopen	fdopen			_fdopen 		d16 d32 nt nta ntp nv o16 o32 q16 q32 w16 w32 osi
fgetch	fgetchar		_fgetchar		d16 d32 nt nta ntp nv o16 o32 q16 q32 w16 w32 osi
fgetwc	fgetwchar		_fgetwchar		d16 d32 nt nta ntp    o16 o32 q16 q32 w16 w32
fputch	fputchar		_fputchar		d16 d32 nt nta ntp nv o16 o32 q16 q32 w16 w32 osi
fputwc	fputwchar		_fputwchar		d16 d32 nt nta ntp    o16 o32 q16 q32 w16 w32
fstat_	fstat			_fstat			d16 d32 nt nta ntp    o16 o32	      w16 w32 osi
ftime_	ftime			_ftime			d16 d32 nt nta ntp    o16 o32 q16 q21 w16 w32 osi
getch_	getch			_getch			d16 d32 nt nta ntp    o16 o32 q16 q32 w16 w32 osi
getche	getche			_getche 		d16 d32 nt nta ntp    o16 o32 q16 q32 w16 w32 osi
getcwd	getcwd			_getcwd 		d16 d32 nt nta ntp    o16 o32	      w16 w32 osi
getws_	getws			_getws			d16 d32 nt nta ntp    o16 o32 q16 q32 w16 w32
dopen_	_hdopen 		_dopen			d16 d32 nt nta ntp nv o16 o32 q16 q32 w16 w32
_isasc	isascii 		__isascii		d16 d32 nt nta ntp nv o16 o32 q16 q32 w16 w32 osi
iscsym	__iscsym		iscsym			d16 d32 nt nta ntp nv o16 o32 q16 q32 w16 w32 osi
iscsyf	__iscsymf		iscsymf 		d16 d32 nt nta ntp nv o16 o32 q16 q32 w16 w32 osi
ismbbk	_ismbbkalpha		_ismbbkalnum		d16 d32 nt nta ntp    o16 o32	      w16 w32 osi
islead	_ismbblead		isleadbyte		d16 d32 nt nta ntp    o16 o32	      w16 w32 osi
itoa__	itoa			_itoa			d16 d32 nt nta ntp nv o16 o32 q16 q32 w16 w32 osi
utoa__	utoa			_utoa			d16 d32 nt nta ntp nv o16 o32 q16 q32 w16 w32 osi
lockin	locking 		_locking		d16 d32 nt nta ntp    o16 o32 q16 q32 w16 w32
lseek_	lseek			_lseek			d16 d32 nt nta ntp    o16 o32	      w16 w32 osi
ltoa__	ltoa			_ltoa			d16 d32 nt nta ntp nv o16 o32 q16 q32 w16 w32 osi
ultoa_	ultoa			_ultoa			d16 d32 nt nta ntp nv o16 o32 q16 q32 w16 w32 osi
tccmp_	_mbccmp 		_tccmp			d16 d32 nt nta ntp    o16 o32 q16 q32 w16 w32 osi
tccpy_	_mbccpy 		_tccpy			d16 d32 nt nta ntp    o16 o32 q16 q32 w16 w32 osi
tclen_	_mbclen 		_tclen			d16 d32 nt nta ntp    o16 o32 q16 q32 w16 w32 osi
tcschr	_mbschr 		_tcschr 		d16 d32 nt nta ntp    o16 o32 q16 q32 w16 w32 osi
mbscol	_mbscmp 		_mbscoll		d16 d32 nt nta ntp    o16 o32	      w16 w32 osi
tcscmp	_mbscmp 		_tcscmp 		d16 d32 nt nta ntp    o16 o32 q16 q32 w16 w32 osi
tcscol	_mbscmp 		_tcscoll		d16 d32 nt nta ntp    o16 o32 q16 q32 w16 w32 osi
tcscsp	_mbscspn		_tcscspn		d16 d32 nt nta ntp    o16 o32 q16 q32 w16 w32 osi
tcsdec	_mbsdec 		_tcsdec 		d16 d32 nt nta ntp    o16 o32 q16 q32 w16 w32 osi
mbsico	_mbsicmp		_mbsicoll		d16 d32 nt nta ntp    o16 o32	      w16 w32 osi
tcsicm	_mbsicmp		_tcsicmp		d16 d32 nt nta ntp    o16 o32 q16 q32 w16 w32 osi
tcsico	_mbsicmp		_tcsicoll		d16 d32 nt nta ntp    o16 o32 q16 q32 w16 w32 osi
tcsinc	_mbsinc 		_tcsinc 		d16 d32 nt nta ntp    o16 o32 q16 q32 w16 w32 osi
tcscle	_mbslen 		_tcsclen		d16 d32 nt nta ntp    o16 o32 q16 q32 w16 w32 osi
tcslwr	_mbslwr 		_tcslwr 		d16 d32 nt nta ntp    o16 o32 q16 q32 w16 w32 osi
tcsnbc	_mbsnbcnt		_tcsnbcnt		d16 d32 nt nta ntp    o16 o32 q16 q32 w16 w32 osi
tcsnca	_mbsnbcat		_tcsncat		d16 d32 nt nta ntp    o16 o32 q16 q32 w16 w32 osi
mbsnbc	_mbsnbcmp		_mbsnbcoll		d16 d32 nt nta ntp    o16 o32	      w16 w32 osi
tcsncm	_mbsnbcmp		_tcsncmp		d16 d32 nt nta ntp    o16 o32 q16 q32 w16 w32 osi
tcsnco	_mbsnbcmp		_tcsncoll		d16 d32 nt nta ntp    o16 o32 q16 q32 w16 w32 osi
tcsncp	_mbsnbcpy		_tcsncpy		d16 d32 nt nta ntp    o16 o32 q16 q32 w16 w32 osi
tcsncc	_mbsncat		_tcsnccat		d16 d32 nt nta ntp    o16 o32 q16 q32 w16 w32 osi
tcnccm	_mbsncmp		_tcsnccmp		d16 d32 nt nta ntp    o16 o32 q16 q32 w16 w32 osi
tcnccn	_mbsnccnt		_tcsnccnt		d16 d32 nt nta ntp    o16 o32 q16 q32 w16 w32 osi
mbsnco	_mbsncmp		_mbsncoll		d16 d32 nt nta ntp    o16 o32	      w16 w32 osi
tcncco	_mbsncmp		_tcsnccoll		d16 d32 nt nta ntp    o16 o32 q16 q32 w16 w32 osi
tcnccp	_mbsncpy		_tcsnccpy		d16 d32 nt nta ntp    o16 o32 q16 q32 w16 w32 osi
mbsnic	_mbsnicmp		_mbsnicoll		d16 d32 nt nta ntp    o16 o32	      w16 w32 osi
tcsnci	_mbsnicmp		_tcsncicmp		d16 d32 nt nta ntp    o16 o32 q16 q32 w16 w32 osi
tcncic	_mbsnicmp		_tcsncicoll		d16 d32 nt nta ntp    o16 o32 q16 q32 w16 w32 osi
tcsncs	_mbsnset		_tcsncset		d16 d32 nt nta ntp    o16 o32 q16 q32 w16 w32 osi
tcsnex	_mbsnextc		_tcsnextc		d16 d32 nt nta ntp    o16 o32 q16 q32 w16 w32 osi
mbsnbi	_mbsnbicmp		_mbsnbicoll		d16 d32 nt nta ntp    o16 o32	      w16 w32 osi
tcsnic	_mbsnbicmp		_tcsnicmp		d16 d32 nt nta ntp    o16 o32 q16 q32 w16 w32 osi
tcnico	_mbsnbicmp		_tcsnicoll		d16 d32 nt nta ntp    o16 o32 q16 q32 w16 w32 osi
tcsnin	_mbsninc		_tcsninc		d16 d32 nt nta ntp    o16 o32 q16 q32 w16 w32 osi
tcsnse	_mbsnbset		_tcsnset		d16 d32 nt nta ntp    o16 o32 q16 q32 w16 w32 osi
tcspbr	_mbspbrk		_tcspbrk		d16 d32 nt nta ntp    o16 o32 q16 q32 w16 w32 osi
tcsrch	_mbsrchr		_tcsrchr		d16 d32 nt nta ntp    o16 o32 q16 q32 w16 w32 osi
tcsrev	_mbsrev 		_tcsrev 		d16 d32 nt nta ntp    o16 o32 q16 q32 w16 w32 osi
tcsset	_mbsset 		_tcsset 		d16 d32 nt nta ntp    o16 o32 q16 q32 w16 w32 osi
tcsspn	_mbsspn 		_tcsspn 		d16 d32 nt nta ntp    o16 o32 q16 q32 w16 w32 osi
tcspnp	_mbsspnp		_tcsspnp		d16 d32 nt nta ntp    o16 o32 q16 q32 w16 w32 osi
tcsstr	_mbsstr 		_tcsstr 		d16 d32 nt nta ntp    o16 o32 q16 q32 w16 w32 osi
tcstok	_mbstok 		_tcstok 		d16 d32 nt nta ntp    o16 o32 q16 q32 w16 w32 osi
tcsupr	_mbsupr 		_tcsupr 		d16 d32 nt nta ntp    o16 o32 q16 q32 w16 w32 osi
memicm	memicmp 		_memicmp		d16 d32 nt nta ntp    o16 o32	      w16 w32
mkdir_	mkdir			_mkdir			d16 d32 nt nta ntp    o16 o32	      w16 w32
open__	open			_open			d16 d32 nt nta ntp    o16 o32	      w16 w32
putenv	putenv			_putenv 		d16 d32 nt nta ntp    o16 o32 q16 q32 w16 w32
putws_	putws			_putws			d16 d32 nt nta ntp    o16 o32 q16 q32 w16 w32
stat__	stat			_stat			d16 d32 nt nta ntp    o16 o32	      w16 w32 osi
strdup	__clib_strdup		_strdup 		d16 d32 nt nta ntp nv o16 o32 q16 q32 w16 w32 osi
cstrdu	__clib_strdup		strdup			d16 d32 nt nta ntp nv o16 o32 q16 q32 w16 w32 osi
cwcsdu	__clib_wcsdup		_wcsdup 		d16 d32 nt nta ntp nv o16 o32 q16 q32 w16 w32 osi
strcmp	stricmp 		strcmpi 		d16 d32 nt nta ntp nv o16 o32 q16 q32 w16 w32 osi
stricm	stricmp 		_stricmp		d16 d32 nt nta ntp nv o16 o32 q16 q32 w16 w32 osi
strico	stricmp 		_stricoll		d16 d32 nt nta ntp nv o16 o32 q16 q32 w16 w32 osi
strlwr	strlwr			_strlwr 		d16 d32 nt nta ntp nv o16 o32 q16 q32 w16 w32 osi
strnco	strncmp 		_strncoll		d16 d32 nt nta ntp nv o16 o32 q16 q32 w16 w32 osi
strnic	strnicmp		_strnicmp		d16 d32 nt nta ntp nv o16 o32 q16 q32 w16 w32 osi
stnico	strnicmp		_strnicoll		d16 d32 nt nta ntp nv o16 o32 q16 q32 w16 w32 osi
strnse	strnset 		_strnset		d16 d32 nt nta ntp nv o16 o32 q16 q32 w16 w32 osi
strrev	strrev			_strrev 		d16 d32 nt nta ntp nv o16 o32 q16 q32 w16 w32 osi
strset	strset			_strset 		d16 d32 nt nta ntp nv o16 o32 q16 q32 w16 w32 osi
strspn	strspnp 		_strspnp		d16 d32 nt nta ntp nv o16 o32 q16 q32 w16 w32 osi
strupr	strupr			_strupr 		d16 d32 nt nta ntp nv o16 o32 q16 q32 w16 w32 osi
tolowe	tolower 		_tolower		d16 d32 nt nta ntp nv o16 o32 q16 q32 w16 w32 osi
touppe	toupper 		_toupper		d16 d32 nt nta ntp nv o16 o32 q16 q32 w16 w32 osi
tzset_	tzset			_tzset			d16 d32 nt nta ntp    o16 o32 q16 q32 w16 w32 osi
utime_	utime			_utime			d16 d32 nt nta ntp    o16 o32	      w16 w32 osi
vsnpri	_vbprintf		_vsnprintf		d16 d32 nt nta ntp nv o16 o32 q16 q32 w16 w32 osi
vsnwpr	_vbwprintf		_vsnwprintf		d16 d32 nt nta ntp    o16 o32 q16 q32 w16 w32
w_acce	_waccess		_w_access		d16 d32 nt nta ntp    o16 o32	      w16 w32
wcscmp	_wcsicmp		wcscmpi 		d16 d32 nt nta ntp    o16 o32 q16 q32 w16 w32
wcsico	_wcsicmp		_wcsicoll		d16 d32 nt nta ntp    o16 o32 q16 q32 w16 w32
wcsnco	wcsncmp 		_wcsncoll		d16 d32 nt nta ntp    o16 o32 q16 q32 w16 w32
wcnico	_wcsnicmp		_wcsnicoll		d16 d32 nt nta ntp    o16 o32 q16 q32 w16 w32
w_fsop	_wfsopen		_w_fsopen		d16 d32 nt nta ntp nv o16 o32 q16 q32 w16 w32 osi
w_full	_wfullpath		_w_fullpath		d16 d32 nt nta ntp    o16 o32	      w16 w32
itow__	_itow			_witoa			d16 d32 nt nta ntp    o16 o32 q16 q32 w16 w32
ltow__	_ltow			_wltoa			d16 d32 nt nta ntp    o16 o32 q16 q32 w16 w32
w_make	_wmakepath		_w_makepath		d16 d32 nt nta ntp    o16 o32 q16 q32 w16 w32
w_spli	_wsplitpath		_w_splitpath		d16 d32 nt nta ntp    o16 o32 q16 q32 w16 w32
w_spl2	_wsplitpath2		_w_splitpath2		d16 d32 nt nta ntp    o16 o32 q16 q32 w16 w32
wtoi__	_wtoi			_watoi			d16 d32 nt nta ntp    o16 o32 q16 q32 w16 w32
wtol__	_wtol			_watol			d16 d32 nt nta ntp    o16 o32 q16 q32 w16 w32
ultow_	_ultow			_wultoa 		d16 d32 nt nta ntp    o16 o32 q16 q32 w16 w32
utow__	_utow			_wutoa			d16 d32 nt nta ntp    o16 o32 q16 q32 w16 w32
