/* %%%%%%%%%%%%%%%%%%%%%%%%%%%%%%%%%%%%%%%%%%%%%%%%%%%%%%%%%%%%%%%%%%%
   %       Copyright (C) 1993, by WATCOM Systems Inc. All rights     %
   %       reserved. No part of this software may be reproduced      %
   %       in any form or by any means - graphic, electronic or      %
   %       mechanical, including photocopying, recording, taping     %
   %       or information storage and retrieval systems - except     %
   %       with the written permission of WATCOM Systems Inc.        %
   %%%%%%%%%%%%%%%%%%%%%%%%%%%%%%%%%%%%%%%%%%%%%%%%%%%%%%%%%%%%%%%%%%%
  
   Date		By		Reason
   ----		--		------
   17-mar-93	Craig Eisler	introduced.
   19-mar-93	Paul Fast	Changed a data structure in imgedit.h so
   				should do an entire recompile.
   24-mar-93	Paul Fast	Added mdi stuff.
   26-mar-93	Paul Fast	Changed img_node data structure and some
   				bitmap enlarging function parameter lists.
   31-mar-93	Paul Fast	All (?) files are using the node data instead
   				of the previously used globals.  Also changed
				some header files.
   02-apr-93	Paul Fast	Changed imgedit.h (for buttons I added).
   06-apr-93	Paul Fast	Changed imgedit.h definitions
   13-apr-93	Paul Fast	Removed the information bar (replaced with
   				status line).
   22-apr-93	Paul Fast	Changed a bunch of data structures.
   27-apr-93	Paul Fast	Changed definition values & added buttons
   04-may-93	Paul Fast	Shrunk the colour palette.
   05-may-93	Paul Fast	Added some profile information
   07-may-93	Paul Fast	Changed a data structure in main header file
   05-aug-93	Paul Fast	Conversion to PM ... long overdue.
   19-aug-93	Paul Fast	Changes to wpi.h
   23-mar-94	Wes Nelson	added memory tracking
*/

