#ifndef __SYS_WERRNO_ERR
#define __SYS_WERRNO_ERR

/*
 * THIS FILE IS GENERATED BY C:\WATT32\UTIL\WC_ERR.EXE. DO NOT EDIT.
 *
 * Watt-32 errnos are after vendor's errnos (1 - 40)
 */

#ifndef __WATCOMC__
#error This file is only for use by "__WATCOMC__"
#endif

#define EWOULDBLOCK       41
#define EDOM              13
#define ERANGE            14
#define E2BIG             2
#define EACCES            6
#define EAGAIN            18
#define EBADF             4
#define EBUSY             19
#define ECHILD            17
#define EDEADLK           15
#define EEXIST            7
#define EFAULT            34
#define EFBIG             20
#define EINTR             16
#define EINVAL            9
#define EIO               21
#define EISDIR            22
#define EMFILE            11
#define EMLINK            24
#define ENAMETOOLONG      35
#define ENFILE            10
#define ENODEV            36
#define ENOENT            1
#define ENOEXEC           3
#define ENOLCK            37
#define ENOMEM            5
#define ENOSPC            12
#define ENOSYS            38
#define ENOTDIR           23
#define ENOTEMPTY         39
#define ENOTTY            26
#define ENXIO             27
#define EPERM             28
#define EPIPE             29
#define EROFS             30
#define ESPIPE            31
#define ESRCH             32
#define EXDEV             8
#define ENMFILE           42
#define EINPROGRESS       43
#define EALREADY          44
#define ENOTSOCK          45
#define EDESTADDRREQ      46
#define EMSGSIZE          47
#define EPROTOTYPE        48
#define ENOPROTOOPT       49
#define EPROTONOSUPPORT   50
#define ESOCKTNOSUPPORT   51
#define EOPNOTSUPP        52
#define EPFNOSUPPORT      53
#define EAFNOSUPPORT      54
#define EADDRINUSE        55
#define EADDRNOTAVAIL     56
#define ENETDOWN          57
#define ENETUNREACH       58
#define ENETRESET         59
#define ECONNABORTED      60
#define ECONNRESET        61
#define ENOBUFS           62
#define EISCONN           63
#define ENOTCONN          64
#define ESHUTDOWN         65
#define ETIMEDOUT         66
#define ECONNREFUSED      67
#define EHOSTDOWN         68
#define EHOSTUNREACH      69
#define ESTALE            70
#define EREMOTE           71
#define EBADRPC           72
#define ERPCMISMATCH      73
#define EPROGUNAVAIL      74
#define EPROGMISMATCH     75
#define EPROCUNAVAIL      76
#define EILSEQ            40
#define EINVFNC           77
#define ENOPATH           78
#define ECONTR            79
#define EINVMEM           80
#define EINVENV           81
#define EINVFMT           82
#define EINVACC           83
#define EINVDAT           84
#define EDEADLOCK         15
#define ECURDIR           85
#define ENOTSAM           86
#define ETXTBSY           33
#define ENOTBLK           25
#define EUCLEAN           87
#define ETOOMANYREFS      88
#define ELOOP             89
#define EPROCLIM          90
#define EUSERS            91
#define EDQUOT            92
#define EVDBAD            93
#define ENORMTWD          94

#endif /* __SYS_WERRNO_ERR */
